2023-12-10 18:12:52,504 [INFO] Activator:176 - 


2023-12-10 18:12:52,538 [INFO] Activator:177 - !SESSION log4j initialized
2023-12-10 18:13:07,749 [INFO] LogOutputStream:77 - [STDOUT_REDIRECT] 
2023-12-10 18:13:10,858 [INFO] ApplicationProperties:184 - Using Application install path: G:\stm32cubeide_main\stm32\STM32CubeIDE\plugins\com.st.stm32cube.common.mx_6.10.0.202311202037
2023-12-10 18:13:10,971 [INFO] DbMcusXml:78 - Set database path to: G:\stm32cubeide_main\stm32\STM32CubeIDE\plugins\com.st.stm32cube.common.mx_6.10.0.202311202037\\db\/mcu/
2023-12-10 18:13:10,971 [INFO] ApiDb:274 - Set plugin database path to: G:\stm32cubeide_main\stm32\STM32CubeIDE\plugins\com.st.stm32cube.common.mx_6.10.0.202311202037\\db\/plugins/boardmanager/
2023-12-10 18:13:10,972 [WARN] ApiDb:259 - Overriding images path with different value:  => G:\stm32cubeide_main\stm32\STM32CubeIDE\plugins\com.st.stm32cube.common.mx_6.10.0.202311202037\\db\/plugins/mcufinder/images/
2023-12-10 18:13:11,029 [INFO] ApiDb:250 - Set database path to: C:\Users\dines\.stmcufinder\plugins\mcufinder//mcu/
2023-12-10 18:13:11,031 [INFO] DbMcusAds:125 - Set database path to: C:\Users\dines\.stmcufinder\plugins\mcufinder//mcu/
2023-12-10 18:13:11,035 [INFO] CrossReferenceDbSqlite:203 - Set database path to: C:\Users\dines\.stmcufinder\plugins\mcufinder//mcu/cs/
2023-12-10 18:13:11,384 [INFO] RulesReader:64 - Compatibility file has been processed (297 Rules)
2023-12-10 18:13:11,657 [INFO] DbMcusXml:78 - Set database path to: G:\stm32cubeide_main\stm32\STM32CubeIDE\plugins\com.st.stm32cube.common.mx_6.10.0.202311202037\\db\/mcu/
2023-12-10 18:13:11,658 [INFO] ApiDb:274 - Set plugin database path to: G:\stm32cubeide_main\stm32\STM32CubeIDE\plugins\com.st.stm32cube.common.mx_6.10.0.202311202037\\db\/plugins/boardmanager/
2023-12-10 18:13:11,658 [INFO] ApiDb:261 - Set plugin images path to: G:\stm32cubeide_main\stm32\STM32CubeIDE\plugins\com.st.stm32cube.common.mx_6.10.0.202311202037\\db\/plugins/mcufinder/images/
2023-12-10 18:13:11,658 [WARN] DbFile:41 - Overriding database path with different value: C:\Users\dines\.stmcufinder\plugins\mcufinder/ => C:\Users\dines\.stmcufinder\plugins\mcufinder
2023-12-10 18:13:11,658 [INFO] ApiDb:250 - Set database path to: C:\Users\dines\.stmcufinder\plugins\mcufinder//mcu/
2023-12-10 18:13:11,659 [WARN] DbFile:41 - Overriding database path with different value: C:\Users\dines\.stmcufinder\plugins\mcufinder/ => C:\Users\dines\.stmcufinder\plugins\mcufinder
2023-12-10 18:13:11,659 [INFO] DbMcusAds:125 - Set database path to: C:\Users\dines\.stmcufinder\plugins\mcufinder//mcu/
2023-12-10 18:13:11,659 [WARN] DbFile:41 - Overriding database path with different value: C:\Users\dines\.stmcufinder\plugins\mcufinder/ => C:\Users\dines\.stmcufinder\plugins\mcufinder
2023-12-10 18:13:11,659 [WARN] DbFile:41 - Overriding database path with different value: C:\Users\dines\.stmcufinder\plugins\mcufinder/ => C:\Users\dines\.stmcufinder\plugins\mcufinder
2023-12-10 18:13:11,659 [INFO] CrossReferenceDbSqlite:203 - Set database path to: C:\Users\dines\.stmcufinder\plugins\mcufinder//mcu/cs/
2023-12-10 18:13:11,856 [INFO] MainPanel:264 - HeapMemory: 268435456
2023-12-10 18:13:12,109 [INFO] DbMcusXml:78 - Set database path to: G:\stm32cubeide_main\stm32\STM32CubeIDE\plugins\com.st.stm32cube.common.mx_6.10.0.202311202037\\db\/mcu/
2023-12-10 18:13:12,109 [INFO] ApiDb:274 - Set plugin database path to: G:\stm32cubeide_main\stm32\STM32CubeIDE\plugins\com.st.stm32cube.common.mx_6.10.0.202311202037\\db\/plugins/boardmanager/
2023-12-10 18:13:12,109 [INFO] ApiDb:261 - Set plugin images path to: G:\stm32cubeide_main\stm32\STM32CubeIDE\plugins\com.st.stm32cube.common.mx_6.10.0.202311202037\\db\/plugins/mcufinder/images/
2023-12-10 18:13:12,110 [WARN] DbFile:41 - Overriding database path with different value: C:\Users\dines\.stmcufinder\plugins\mcufinder/ => C:\Users\dines\.stmcufinder\plugins\mcufinder
2023-12-10 18:13:12,110 [INFO] ApiDb:250 - Set database path to: C:\Users\dines\.stmcufinder\plugins\mcufinder//mcu/
2023-12-10 18:13:12,110 [WARN] DbFile:41 - Overriding database path with different value: C:\Users\dines\.stmcufinder\plugins\mcufinder/ => C:\Users\dines\.stmcufinder\plugins\mcufinder
2023-12-10 18:13:12,110 [INFO] DbMcusAds:125 - Set database path to: C:\Users\dines\.stmcufinder\plugins\mcufinder//mcu/
2023-12-10 18:13:12,110 [WARN] DbFile:41 - Overriding database path with different value: C:\Users\dines\.stmcufinder\plugins\mcufinder/ => C:\Users\dines\.stmcufinder\plugins\mcufinder
2023-12-10 18:13:12,111 [WARN] DbFile:41 - Overriding database path with different value: C:\Users\dines\.stmcufinder\plugins\mcufinder/ => C:\Users\dines\.stmcufinder\plugins\mcufinder
2023-12-10 18:13:12,111 [INFO] CrossReferenceDbSqlite:203 - Set database path to: C:\Users\dines\.stmcufinder\plugins\mcufinder//mcu/cs/
2023-12-10 18:13:12,152 [INFO] ApplicationProperties:184 - Using Application install path: G:\stm32cubeide_main\stm32\STM32CubeIDE\plugins\com.st.stm32cube.common.mx_6.10.0.202311202037
2023-12-10 18:13:12,155 [INFO] PluginManage:196 - Search for loadable plugins [exclusion list=, ]
2023-12-10 18:13:12,157 [INFO] PluginManage:310 - Check plugin analytics
2023-12-10 18:13:12,680 [INFO] AnalyticsPlugin:253 - Accepted Software Licenses: 
2023-12-10 18:13:12,680 [INFO] AnalyticsPlugin:255 - Accepted CMSIS Pack Licenses: 
2023-12-10 18:13:12,681 [INFO] AnalyticsPlugin:257 - Accepted Firmware Licenses: FW.F4.1.28.0
2023-12-10 18:13:12,685 [INFO] PluginManage:359 - Loaded plugin analytics (category:tool,tabindex:-1)
2023-12-10 18:13:12,686 [INFO] PluginManage:310 - Check plugin cadmodel
2023-12-10 18:13:12,729 [INFO] CADModel:105 - Init CAD model plugin
2023-12-10 18:13:12,730 [INFO] PluginManage:359 - Loaded plugin cadmodel (category:power,tabindex:5)
2023-12-10 18:13:12,730 [INFO] PluginManage:310 - Check plugin clock
2023-12-10 18:13:12,780 [INFO] PluginManage:359 - Loaded plugin clock (category:base,tabindex:2)
2023-12-10 18:13:12,780 [INFO] PluginManage:310 - Check plugin ddr
2023-12-10 18:13:12,795 [INFO] PluginManage:359 - Loaded plugin ddr (category:tool,tabindex:6)
2023-12-10 18:13:12,795 [INFO] PluginManage:310 - Check plugin filemanager
2023-12-10 18:13:13,133 [INFO] PluginManage:359 - Loaded plugin filemanager (category:base,tabindex:10)
2023-12-10 18:13:13,133 [INFO] PluginManage:310 - Check plugin ipmanager
2023-12-10 18:13:13,155 [INFO] PluginManage:359 - Loaded plugin ipmanager (category:base,tabindex:5)
2023-12-10 18:13:13,155 [INFO] PluginManage:310 - Check plugin lpbam
2023-12-10 18:13:13,191 [INFO] PluginManage:359 - Loaded plugin lpbam (category:base,tabindex:0)
2023-12-10 18:13:13,191 [INFO] PluginManage:310 - Check plugin memorymap
2023-12-10 18:13:13,252 [INFO] PluginManage:359 - Loaded plugin memorymap (category:base,tabindex:4)
2023-12-10 18:13:13,253 [INFO] PluginManage:310 - Check plugin pinoutandconfiguration
2023-12-10 18:13:13,293 [INFO] PluginManage:359 - Loaded plugin pinoutandconfiguration (category:base,tabindex:1)
2023-12-10 18:13:13,294 [INFO] PluginManage:310 - Check plugin pinoutconfig
2023-12-10 18:13:13,459 [WARN] SupportedApi:132 - Cannot load RTOS API schema: s4s-elt-must-match.1: The content of 'definitions' must match (annotation?, (simpleType | complexType)?, (unique | key | keyref)*)). A problem was found starting at: attribute.
2023-12-10 18:13:13,701 [INFO] PluginManage:359 - Loaded plugin pinoutconfig (category:base,tabindex:0)
2023-12-10 18:13:13,701 [INFO] PluginManage:310 - Check plugin power
2023-12-10 18:13:13,783 [INFO] PluginManage:359 - Loaded plugin power (category:power,tabindex:4)
2023-12-10 18:13:13,783 [INFO] PluginManage:310 - Check plugin projectmanager
2023-12-10 18:13:13,814 [INFO] PluginManage:359 - Loaded plugin projectmanager (category:projectmanager,tabindex:3)
2023-12-10 18:13:13,814 [INFO] PluginManage:310 - Check plugin thirdparty
2023-12-10 18:13:14,312 [INFO] PluginManage:359 - Loaded plugin thirdparty (category:base,tabindex:-1)
2023-12-10 18:13:14,312 [WARN] IntegrityCheckThread:84 - waiting for thirdparty lock release [integrity check]
2023-12-10 18:13:14,312 [INFO] PluginManage:310 - Check plugin tools
2023-12-10 18:13:14,313 [INFO] IntegrityCheckThread:86 - entering critical section [integrity check]
2023-12-10 18:13:14,313 [INFO] ThirdPartyUpdaterWithRetryManager:70 - Updater plugin not ready yet. [1/15]
2023-12-10 18:13:14,364 [INFO] PluginManage:359 - Loaded plugin tools (category:base,tabindex:7)
2023-12-10 18:13:14,365 [INFO] PluginManage:310 - Check plugin tutovideos
2023-12-10 18:13:14,753 [INFO] PluginManage:359 - Loaded plugin tutovideos (category:base,tabindex:-1)
2023-12-10 18:13:14,754 [INFO] PluginManage:310 - Check plugin updater
2023-12-10 18:13:14,802 [INFO] PluginManage:359 - Loaded plugin updater (category:base,tabindex:12)
2023-12-10 18:13:14,802 [INFO] PluginManage:310 - Check plugin userauth
2023-12-10 18:13:14,829 [INFO] UserAuth:114 - Init User Auth plugin
2023-12-10 18:13:14,830 [INFO] PluginManage:359 - Loaded plugin userauth (category:base,tabindex:14)
2023-12-10 18:13:14,830 [INFO] PluginManage:283 - PluginManage : Loaded plugins [17]
2023-12-10 18:13:15,458 [INFO] PinOutPanel:1499 - setPackage(No Configuration,No Configuration)
2023-12-10 18:13:15,602 [INFO] CADModel:165 - CPN selected for project level
2023-12-10 18:13:15,602 [INFO] CADModel:114 - Register for checkConnection events
2023-12-10 18:13:15,648 [INFO] IPUIPlugin:80 - create IPUIPlugin
2023-12-10 18:13:15,649 [INFO] PluginManager:220 - loadIPPluginJar : add adc
2023-12-10 18:13:15,708 [INFO] IPUIPlugin:80 - create IPUIPlugin
2023-12-10 18:13:15,708 [INFO] PluginManager:220 - loadIPPluginJar : add aes
2023-12-10 18:13:15,775 [INFO] IPUIPlugin:80 - create IPUIPlugin
2023-12-10 18:13:15,775 [INFO] PluginManager:220 - loadIPPluginJar : add can
2023-12-10 18:13:15,822 [INFO] IPUIPlugin:80 - create IPUIPlugin
2023-12-10 18:13:15,822 [INFO] PluginManager:220 - loadIPPluginJar : add comp
2023-12-10 18:13:15,876 [INFO] IPUIPlugin:80 - create IPUIPlugin
2023-12-10 18:13:15,876 [INFO] PluginManager:220 - loadIPPluginJar : add cryp
2023-12-10 18:13:15,917 [INFO] IPUIPlugin:80 - create IPUIPlugin
2023-12-10 18:13:15,917 [INFO] PluginManager:220 - loadIPPluginJar : add dfsdm
2023-12-10 18:13:15,938 [INFO] IPUIPlugin:80 - create IPUIPlugin
2023-12-10 18:13:15,939 [INFO] PluginManager:220 - loadIPPluginJar : add dma
2023-12-10 18:13:16,004 [INFO] IPUIPlugin:80 - create IPUIPlugin
2023-12-10 18:13:16,004 [INFO] PluginManager:220 - loadIPPluginJar : add dma3
2023-12-10 18:13:16,072 [INFO] IPUIPlugin:80 - create IPUIPlugin
2023-12-10 18:13:16,072 [INFO] PluginManager:220 - loadIPPluginJar : add fatfs
2023-12-10 18:13:16,179 [INFO] IPUIPlugin:80 - create IPUIPlugin
2023-12-10 18:13:16,180 [INFO] PluginManager:220 - loadIPPluginJar : add fmc
2023-12-10 18:13:16,219 [INFO] IPUIPlugin:80 - create IPUIPlugin
2023-12-10 18:13:16,220 [INFO] PluginManager:220 - loadIPPluginJar : add freertos
2023-12-10 18:13:16,248 [INFO] IPUIPlugin:80 - create IPUIPlugin
2023-12-10 18:13:16,248 [INFO] PluginManager:220 - loadIPPluginJar : add genericplugin
2023-12-10 18:13:16,385 [INFO] IPUIPlugin:80 - create IPUIPlugin
2023-12-10 18:13:16,385 [INFO] PluginManager:220 - loadIPPluginJar : add gfxmmu
2023-12-10 18:13:16,598 [INFO] IPUIPlugin:80 - create IPUIPlugin
2023-12-10 18:13:16,599 [INFO] PluginManager:220 - loadIPPluginJar : add gic
2023-12-10 18:13:16,617 [INFO] IPUIPlugin:80 - create IPUIPlugin
2023-12-10 18:13:16,617 [INFO] PluginManager:220 - loadIPPluginJar : add gpio
2023-12-10 18:13:16,794 [INFO] IPUIPlugin:80 - create IPUIPlugin
2023-12-10 18:13:16,795 [INFO] PluginManager:220 - loadIPPluginJar : add gtzc
2023-12-10 18:13:16,839 [INFO] IPUIPlugin:80 - create IPUIPlugin
2023-12-10 18:13:16,839 [INFO] PluginManager:220 - loadIPPluginJar : add hash
2023-12-10 18:13:16,912 [INFO] IPUIPlugin:80 - create IPUIPlugin
2023-12-10 18:13:16,913 [INFO] PluginManager:220 - loadIPPluginJar : add i2c
2023-12-10 18:13:16,970 [INFO] IPUIPlugin:80 - create IPUIPlugin
2023-12-10 18:13:16,971 [INFO] PluginManager:220 - loadIPPluginJar : add i2s
2023-12-10 18:13:17,067 [INFO] IPUIPlugin:80 - create IPUIPlugin
2023-12-10 18:13:17,068 [INFO] PluginManager:220 - loadIPPluginJar : add i3c
2023-12-10 18:13:17,306 [INFO] IPUIPlugin:80 - create IPUIPlugin
2023-12-10 18:13:17,306 [INFO] PluginManager:220 - loadIPPluginJar : add ipddr
2023-12-10 18:13:17,314 [INFO] ThirdPartyUpdaterWithRetryManager:70 - Updater plugin not ready yet. [2/15]
2023-12-10 18:13:17,468 [INFO] IPUIPlugin:80 - create IPUIPlugin
2023-12-10 18:13:17,468 [INFO] PluginManager:220 - loadIPPluginJar : add linkedlist
2023-12-10 18:13:17,523 [INFO] IPUIPlugin:80 - create IPUIPlugin
2023-12-10 18:13:17,523 [INFO] PluginManager:220 - loadIPPluginJar : add lorawan
2023-12-10 18:13:17,592 [INFO] IPUIPlugin:80 - create IPUIPlugin
2023-12-10 18:13:17,592 [INFO] PluginManager:220 - loadIPPluginJar : add ltdc
2023-12-10 18:13:17,641 [INFO] IPUIPlugin:80 - create IPUIPlugin
2023-12-10 18:13:17,641 [INFO] PluginManager:220 - loadIPPluginJar : add mdma
2023-12-10 18:13:17,660 [INFO] IPUIPlugin:80 - create IPUIPlugin
2023-12-10 18:13:17,660 [INFO] PluginManager:220 - loadIPPluginJar : add nvic
2023-12-10 18:13:17,716 [INFO] IPUIPlugin:80 - create IPUIPlugin
2023-12-10 18:13:17,716 [INFO] PluginManager:220 - loadIPPluginJar : add opamp
2023-12-10 18:13:17,812 [INFO] IPUIPlugin:80 - create IPUIPlugin
2023-12-10 18:13:17,813 [INFO] PluginManager:220 - loadIPPluginJar : add openamp
2023-12-10 18:13:17,877 [INFO] IPUIPlugin:80 - create IPUIPlugin
2023-12-10 18:13:17,878 [INFO] PluginManager:220 - loadIPPluginJar : add pdm2pcm
2023-12-10 18:13:17,897 [INFO] IPUIPlugin:80 - create IPUIPlugin
2023-12-10 18:13:17,901 [INFO] PluginManager:220 - loadIPPluginJar : add plateformsettings
2023-12-10 18:13:17,946 [INFO] IPUIPlugin:80 - create IPUIPlugin
2023-12-10 18:13:17,946 [INFO] PluginManager:220 - loadIPPluginJar : add quadspi
2023-12-10 18:13:17,973 [INFO] IPUIPlugin:80 - create IPUIPlugin
2023-12-10 18:13:17,973 [INFO] PluginManager:220 - loadIPPluginJar : add resmgrutility
2023-12-10 18:13:18,046 [INFO] IPUIPlugin:80 - create IPUIPlugin
2023-12-10 18:13:18,046 [INFO] PluginManager:220 - loadIPPluginJar : add sai
2023-12-10 18:13:18,102 [INFO] IPUIPlugin:80 - create IPUIPlugin
2023-12-10 18:13:18,102 [INFO] PluginManager:220 - loadIPPluginJar : add spi
2023-12-10 18:13:18,208 [INFO] IPUIPlugin:80 - create IPUIPlugin
2023-12-10 18:13:18,209 [INFO] PluginManager:220 - loadIPPluginJar : add stm32_wpan
2023-12-10 18:13:18,258 [INFO] IPUIPlugin:80 - create IPUIPlugin
2023-12-10 18:13:18,258 [INFO] PluginManager:220 - loadIPPluginJar : add tim
2023-12-10 18:13:18,340 [INFO] IPUIPlugin:80 - create IPUIPlugin
2023-12-10 18:13:18,340 [INFO] PluginManager:220 - loadIPPluginJar : add touchsensing
2023-12-10 18:13:18,373 [INFO] IPUIPlugin:80 - create IPUIPlugin
2023-12-10 18:13:18,373 [INFO] PluginManager:220 - loadIPPluginJar : add tracer_emb
2023-12-10 18:13:18,410 [INFO] IPUIPlugin:80 - create IPUIPlugin
2023-12-10 18:13:18,410 [INFO] PluginManager:220 - loadIPPluginJar : add ts
2023-12-10 18:13:18,455 [INFO] IPUIPlugin:80 - create IPUIPlugin
2023-12-10 18:13:18,455 [INFO] PluginManager:220 - loadIPPluginJar : add tsc
2023-12-10 18:13:18,497 [INFO] IPUIPlugin:80 - create IPUIPlugin
2023-12-10 18:13:18,497 [INFO] PluginManager:220 - loadIPPluginJar : add ucpd
2023-12-10 18:13:18,561 [INFO] IPUIPlugin:80 - create IPUIPlugin
2023-12-10 18:13:18,561 [INFO] PluginManager:220 - loadIPPluginJar : add usart
2023-12-10 18:13:18,625 [INFO] IPUIPlugin:80 - create IPUIPlugin
2023-12-10 18:13:18,625 [INFO] PluginManager:220 - loadIPPluginJar : add usbx
2023-12-10 18:13:18,794 [INFO] CADModel:165 - CPN selected for project level
2023-12-10 18:13:18,794 [INFO] CADModel:114 - Register for checkConnection events
2023-12-10 18:13:18,795 [FATAL] Updater:308 - Updater called before beeing initialized
2023-12-10 18:13:18,795 [ERROR] CADModel:125 - Updater not yet initialized, retry later 
2023-12-10 18:13:19,203 [INFO] CADModel:165 - CPN selected for project level
2023-12-10 18:13:19,203 [INFO] CADModel:114 - Register for checkConnection events
2023-12-10 18:13:19,203 [FATAL] Updater:308 - Updater called before beeing initialized
2023-12-10 18:13:19,203 [ERROR] CADModel:125 - Updater not yet initialized, retry later 
2023-12-10 18:13:19,208 [FATAL] Updater:308 - Updater called before beeing initialized
2023-12-10 18:13:19,451 [FATAL] Updater:308 - Updater called before beeing initialized
2023-12-10 18:13:19,482 [INFO] DbMcusAds:53 - JSON generation date=Wed Nov 29 16:22:38 IST 2023 (1701255158764)
2023-12-10 18:13:19,482 [FATAL] Updater:308 - Updater called before beeing initialized
2023-12-10 18:13:19,679 [WARN] DetailPanel:346 - Failed to get advertising image, set to default
2023-12-10 18:13:19,868 [FATAL] Updater:308 - Updater called before beeing initialized
2023-12-10 18:13:19,877 [FATAL] Updater:308 - Updater called before beeing initialized
2023-12-10 18:13:19,878 [FATAL] Updater:308 - Updater called before beeing initialized
2023-12-10 18:13:19,878 [WARN] DetailPanel:346 - Failed to get advertising image, set to default
2023-12-10 18:13:19,879 [FATAL] Updater:308 - Updater called before beeing initialized
2023-12-10 18:13:20,017 [ERROR] Updater:1120 - MainUpdater not yet initialized. External WinMGr cannot be set.
2023-12-10 18:13:20,041 [INFO] Updater:1056 - Updater Version found : 6.10.0
2023-12-10 18:13:20,082 [INFO] ApplicationProperties:184 - Using Application install path: G:\stm32cubeide_main\stm32\STM32CubeIDE\plugins\com.st.stm32cube.common.mx_6.10.0.202311202037
2023-12-10 18:13:20,316 [INFO] ThirdPartyUpdaterWithRetryManager:70 - Updater plugin not ready yet. [3/15]
2023-12-10 18:13:20,838 [INFO] MainUpdater:2873 - connection check result : 10
2023-12-10 18:13:20,839 [INFO] MainUpdater:3567 - Updater definition file requires update
2023-12-10 18:13:20,840 [INFO] MainUpdater:290 - Updater Check For Update Now.
2023-12-10 18:13:20,840 [INFO] MicroXplorer:498 - Change Database Version : DB.6.0.100
2023-12-10 18:13:20,893 [INFO] McuFinderGlobals:63 - Set McuFinder mode to 2 (CubeIDE integrated)
2023-12-10 18:13:20,973 [INFO] ServerAccessManage:473 - Download File updaters.zip
2023-12-10 18:13:21,104 [INFO] FileExtend:240 - Unzip File : updaters.zip
2023-12-10 18:13:21,105 [INFO] FileExtend:255 - Standard Zip Deflate
2023-12-10 18:13:21,367 [INFO] UserAuth:404 - Internet connection configuration mode: 1
2023-12-10 18:13:21,542 [INFO] JxBrowserEngine:152 - Initiate JxBrowser Engine with user profile folder
2023-12-10 18:13:22,027 [INFO] ServerAccessManage:473 - Download File PacksControlFlags.xml
2023-12-10 18:13:22,232 [INFO] ServerAccessManage:473 - Download File cubemx.pidx
2023-12-10 18:13:23,317 [WARN] MainUpdater:1194 - Updater busy. Cannot search thirdparties
2023-12-10 18:13:23,318 [INFO] ThirdPartyUpdaterWithRetryManager:96 - Updater plugin is busy. [1/15]
2023-12-10 18:13:23,390 [INFO] ServerAccessManage:473 - Download File STMicroelectronics.X-CUBE-ISPU.pdsc
2023-12-10 18:13:24,208 [INFO] ServerAccessManage:473 - Download File STMicroelectronics.X-CUBE-AZRTOS-H7.pdsc
2023-12-10 18:13:25,658 [WARN] PackLoader:240 - Cannot read IP mode file for STMicroelectronics.X-CUBE-ISPU.2.0.0
2023-12-10 18:13:25,733 [WARN] PackLoader:240 - Cannot read IP mode file for STMicroelectronics.X-CUBE-AZRTOS-H7.3.2.0
2023-12-10 18:13:25,744 [INFO] PopulateThirdPartyThread:66 - Ending populate Thread
2023-12-10 18:13:25,747 [INFO] ThirdParty:1030 - CMSIS Pack Vendor :STMicroelectronics X-CUBE-AZRTOS-H7 3.2.0
2023-12-10 18:13:25,747 [INFO] ThirdParty:1030 - CMSIS Pack Vendor :STMicroelectronics X-CUBE-ISPU 2.0.0
2023-12-10 18:13:25,748 [INFO] LoadServerUpdatesThread:375 - End of LoadServerUpdate Thread
2023-12-10 18:13:25,784 [INFO] CheckServerUpdateThread:120 - End of CheckServer Thread
2023-12-10 18:13:26,773 [WARN] PackLoader:240 - Cannot read IP mode file for STMicroelectronics.X-CUBE-BLEMGR.3.0.0
2023-12-10 18:13:26,799 [WARN] PackLoader:240 - Cannot read IP mode file for STMicroelectronics.X-CUBE-EEPRMA1.4.2.0
2023-12-10 18:13:26,809 [WARN] PackLoader:240 - Cannot read IP mode file for STMicroelectronics.FP-SNS-MOTENVWB1.1.3.1
2023-12-10 18:13:26,816 [WARN] PackLoader:240 - Cannot read IP mode file for STMicroelectronics.X-CUBE-ISPU.2.0.0
2023-12-10 18:13:26,900 [WARN] PackLoader:240 - Cannot read IP mode file for STMicroelectronics.X-CUBE-MEMS1.10.0.0
2023-12-10 18:13:27,299 [WARN] PackLoader:240 - Cannot read IP mode file for STMicroelectronics.X-CUBE-TOF1.3.4.0
2023-12-10 18:13:27,336 [WARN] PackLoader:240 - Cannot read IP mode file for STMicroelectronics.X-CUBE-AZRTOS-H7.3.2.0
2023-12-10 18:13:27,340 [INFO] ThirdParty:978 - Integrity check success = true
2023-12-10 18:13:27,340 [INFO] IntegrityCheckThread:100 - exiting critical section [integrity check]
2023-12-10 18:13:27,340 [INFO] IntegrityCheckThread:103 - End integrity checks thread
2023-12-10 18:13:28,380 [INFO] WebApp:161 - Instantiating new browser for Auth
2023-12-10 18:13:29,762 [INFO] WebApp:780 - Register for checkConnection events
2023-12-10 18:13:29,762 [INFO] WebApp:414 - Apply proxy settings
2023-12-10 18:13:29,762 [INFO] WebApp:499 - Chromium requires no authentication
2023-12-10 18:13:29,785 [INFO] WebApp:442 - Direct internet connection detected
2023-12-10 18:13:30,221 [INFO] WebApp:192 - Starting web application
2023-12-10 18:13:30,221 [INFO] WebApp:544 - Web application path used G:\stm32cubeide_main\stm32\STM32CubeIDE\plugins\com.st.stm32cube.common.mx_6.10.0.202311202037\db\plugins\mcufinder\reactClient1\index.html
2023-12-10 18:13:52,758 [ERROR] LogOutputStream:75 - [STDERR_REDIRECT] SLF4J: Failed to load class "org.slf4j.impl.StaticLoggerBinder".
2023-12-10 18:13:52,759 [ERROR] LogOutputStream:75 - [STDERR_REDIRECT] SLF4J: Defaulting to no-operation (NOP) logger implementation
2023-12-10 18:13:52,761 [ERROR] LogOutputStream:75 - [STDERR_REDIRECT] SLF4J: See http://www.slf4j.org/codes.html#StaticLoggerBinder for further details.
2023-12-10 23:48:29,851 [INFO] Activator:176 - 


2023-12-10 23:48:29,857 [INFO] Activator:177 - !SESSION log4j initialized
2023-12-10 23:48:50,295 [INFO] LogOutputStream:77 - [STDOUT_REDIRECT] 
2023-12-10 23:48:54,396 [INFO] ApplicationProperties:184 - Using Application install path: G:\stm32cubeide_main\stm32\STM32CubeIDE\plugins\com.st.stm32cube.common.mx_6.10.0.202311202037
2023-12-10 23:48:54,463 [INFO] DbMcusXml:78 - Set database path to: G:\stm32cubeide_main\stm32\STM32CubeIDE\plugins\com.st.stm32cube.common.mx_6.10.0.202311202037\\db\/mcu/
2023-12-10 23:48:54,464 [INFO] ApiDb:274 - Set plugin database path to: G:\stm32cubeide_main\stm32\STM32CubeIDE\plugins\com.st.stm32cube.common.mx_6.10.0.202311202037\\db\/plugins/boardmanager/
2023-12-10 23:48:54,464 [WARN] ApiDb:259 - Overriding images path with different value:  => G:\stm32cubeide_main\stm32\STM32CubeIDE\plugins\com.st.stm32cube.common.mx_6.10.0.202311202037\\db\/plugins/mcufinder/images/
2023-12-10 23:48:54,625 [INFO] ApiDb:250 - Set database path to: C:\Users\dines\.stmcufinder\plugins\mcufinder//mcu/
2023-12-10 23:48:54,627 [INFO] DbMcusAds:125 - Set database path to: C:\Users\dines\.stmcufinder\plugins\mcufinder//mcu/
2023-12-10 23:48:54,631 [INFO] CrossReferenceDbSqlite:203 - Set database path to: C:\Users\dines\.stmcufinder\plugins\mcufinder//mcu/cs/
2023-12-10 23:48:54,994 [INFO] RulesReader:64 - Compatibility file has been processed (297 Rules)
2023-12-10 23:48:55,673 [INFO] DbMcusXml:78 - Set database path to: G:\stm32cubeide_main\stm32\STM32CubeIDE\plugins\com.st.stm32cube.common.mx_6.10.0.202311202037\\db\/mcu/
2023-12-10 23:48:55,673 [INFO] ApiDb:274 - Set plugin database path to: G:\stm32cubeide_main\stm32\STM32CubeIDE\plugins\com.st.stm32cube.common.mx_6.10.0.202311202037\\db\/plugins/boardmanager/
2023-12-10 23:48:55,674 [INFO] ApiDb:261 - Set plugin images path to: G:\stm32cubeide_main\stm32\STM32CubeIDE\plugins\com.st.stm32cube.common.mx_6.10.0.202311202037\\db\/plugins/mcufinder/images/
2023-12-10 23:48:55,674 [WARN] DbFile:41 - Overriding database path with different value: C:\Users\dines\.stmcufinder\plugins\mcufinder/ => C:\Users\dines\.stmcufinder\plugins\mcufinder
2023-12-10 23:48:55,674 [INFO] ApiDb:250 - Set database path to: C:\Users\dines\.stmcufinder\plugins\mcufinder//mcu/
2023-12-10 23:48:55,674 [WARN] DbFile:41 - Overriding database path with different value: C:\Users\dines\.stmcufinder\plugins\mcufinder/ => C:\Users\dines\.stmcufinder\plugins\mcufinder
2023-12-10 23:48:55,675 [INFO] DbMcusAds:125 - Set database path to: C:\Users\dines\.stmcufinder\plugins\mcufinder//mcu/
2023-12-10 23:48:55,675 [WARN] DbFile:41 - Overriding database path with different value: C:\Users\dines\.stmcufinder\plugins\mcufinder/ => C:\Users\dines\.stmcufinder\plugins\mcufinder
2023-12-10 23:48:55,675 [WARN] DbFile:41 - Overriding database path with different value: C:\Users\dines\.stmcufinder\plugins\mcufinder/ => C:\Users\dines\.stmcufinder\plugins\mcufinder
2023-12-10 23:48:55,675 [INFO] CrossReferenceDbSqlite:203 - Set database path to: C:\Users\dines\.stmcufinder\plugins\mcufinder//mcu/cs/
2023-12-10 23:48:55,947 [INFO] MainPanel:264 - HeapMemory: 268435456
2023-12-10 23:48:56,236 [INFO] DbMcusXml:78 - Set database path to: G:\stm32cubeide_main\stm32\STM32CubeIDE\plugins\com.st.stm32cube.common.mx_6.10.0.202311202037\\db\/mcu/
2023-12-10 23:48:56,237 [INFO] ApiDb:274 - Set plugin database path to: G:\stm32cubeide_main\stm32\STM32CubeIDE\plugins\com.st.stm32cube.common.mx_6.10.0.202311202037\\db\/plugins/boardmanager/
2023-12-10 23:48:56,237 [INFO] ApiDb:261 - Set plugin images path to: G:\stm32cubeide_main\stm32\STM32CubeIDE\plugins\com.st.stm32cube.common.mx_6.10.0.202311202037\\db\/plugins/mcufinder/images/
2023-12-10 23:48:56,239 [WARN] DbFile:41 - Overriding database path with different value: C:\Users\dines\.stmcufinder\plugins\mcufinder/ => C:\Users\dines\.stmcufinder\plugins\mcufinder
2023-12-10 23:48:56,239 [INFO] ApiDb:250 - Set database path to: C:\Users\dines\.stmcufinder\plugins\mcufinder//mcu/
2023-12-10 23:48:56,239 [WARN] DbFile:41 - Overriding database path with different value: C:\Users\dines\.stmcufinder\plugins\mcufinder/ => C:\Users\dines\.stmcufinder\plugins\mcufinder
2023-12-10 23:48:56,240 [INFO] DbMcusAds:125 - Set database path to: C:\Users\dines\.stmcufinder\plugins\mcufinder//mcu/
2023-12-10 23:48:56,240 [WARN] DbFile:41 - Overriding database path with different value: C:\Users\dines\.stmcufinder\plugins\mcufinder/ => C:\Users\dines\.stmcufinder\plugins\mcufinder
2023-12-10 23:48:56,240 [WARN] DbFile:41 - Overriding database path with different value: C:\Users\dines\.stmcufinder\plugins\mcufinder/ => C:\Users\dines\.stmcufinder\plugins\mcufinder
2023-12-10 23:48:56,240 [INFO] CrossReferenceDbSqlite:203 - Set database path to: C:\Users\dines\.stmcufinder\plugins\mcufinder//mcu/cs/
2023-12-10 23:48:56,313 [INFO] ApplicationProperties:184 - Using Application install path: G:\stm32cubeide_main\stm32\STM32CubeIDE\plugins\com.st.stm32cube.common.mx_6.10.0.202311202037
2023-12-10 23:48:56,316 [INFO] PluginManage:196 - Search for loadable plugins [exclusion list=, ]
2023-12-10 23:48:56,320 [INFO] PluginManage:310 - Check plugin analytics
2023-12-10 23:48:56,904 [INFO] AnalyticsPlugin:253 - Accepted Software Licenses: 
2023-12-10 23:48:56,905 [INFO] AnalyticsPlugin:255 - Accepted CMSIS Pack Licenses: 
2023-12-10 23:48:56,905 [INFO] AnalyticsPlugin:257 - Accepted Firmware Licenses: FW.F4.1.28.0
2023-12-10 23:48:56,909 [INFO] PluginManage:359 - Loaded plugin analytics (category:tool,tabindex:-1)
2023-12-10 23:48:56,910 [INFO] PluginManage:310 - Check plugin cadmodel
2023-12-10 23:48:56,993 [INFO] CADModel:105 - Init CAD model plugin
2023-12-10 23:48:56,994 [INFO] PluginManage:359 - Loaded plugin cadmodel (category:power,tabindex:5)
2023-12-10 23:48:56,994 [INFO] PluginManage:310 - Check plugin clock
2023-12-10 23:48:57,057 [INFO] PluginManage:359 - Loaded plugin clock (category:base,tabindex:2)
2023-12-10 23:48:57,058 [INFO] PluginManage:310 - Check plugin ddr
2023-12-10 23:48:57,077 [INFO] PluginManage:359 - Loaded plugin ddr (category:tool,tabindex:6)
2023-12-10 23:48:57,078 [INFO] PluginManage:310 - Check plugin filemanager
2023-12-10 23:48:57,447 [INFO] PluginManage:359 - Loaded plugin filemanager (category:base,tabindex:10)
2023-12-10 23:48:57,447 [INFO] PluginManage:310 - Check plugin ipmanager
2023-12-10 23:48:57,477 [INFO] PluginManage:359 - Loaded plugin ipmanager (category:base,tabindex:5)
2023-12-10 23:48:57,478 [INFO] PluginManage:310 - Check plugin lpbam
2023-12-10 23:48:57,526 [INFO] PluginManage:359 - Loaded plugin lpbam (category:base,tabindex:0)
2023-12-10 23:48:57,526 [INFO] PluginManage:310 - Check plugin memorymap
2023-12-10 23:48:57,578 [INFO] PluginManage:359 - Loaded plugin memorymap (category:base,tabindex:4)
2023-12-10 23:48:57,579 [INFO] PluginManage:310 - Check plugin pinoutandconfiguration
2023-12-10 23:48:57,620 [INFO] PluginManage:359 - Loaded plugin pinoutandconfiguration (category:base,tabindex:1)
2023-12-10 23:48:57,620 [INFO] PluginManage:310 - Check plugin pinoutconfig
2023-12-10 23:48:57,821 [WARN] SupportedApi:132 - Cannot load RTOS API schema: s4s-elt-must-match.1: The content of 'definitions' must match (annotation?, (simpleType | complexType)?, (unique | key | keyref)*)). A problem was found starting at: attribute.
2023-12-10 23:48:58,353 [INFO] PluginManage:359 - Loaded plugin pinoutconfig (category:base,tabindex:0)
2023-12-10 23:48:58,353 [INFO] PluginManage:310 - Check plugin power
2023-12-10 23:48:58,483 [INFO] PluginManage:359 - Loaded plugin power (category:power,tabindex:4)
2023-12-10 23:48:58,484 [INFO] PluginManage:310 - Check plugin projectmanager
2023-12-10 23:48:58,532 [INFO] PluginManage:359 - Loaded plugin projectmanager (category:projectmanager,tabindex:3)
2023-12-10 23:48:58,532 [INFO] PluginManage:310 - Check plugin thirdparty
2023-12-10 23:48:59,337 [INFO] PluginManage:359 - Loaded plugin thirdparty (category:base,tabindex:-1)
2023-12-10 23:48:59,338 [INFO] PluginManage:310 - Check plugin tools
2023-12-10 23:48:59,337 [WARN] IntegrityCheckThread:84 - waiting for thirdparty lock release [integrity check]
2023-12-10 23:48:59,338 [INFO] IntegrityCheckThread:86 - entering critical section [integrity check]
2023-12-10 23:48:59,338 [INFO] ThirdPartyUpdaterWithRetryManager:70 - Updater plugin not ready yet. [1/15]
2023-12-10 23:48:59,417 [INFO] PluginManage:359 - Loaded plugin tools (category:base,tabindex:7)
2023-12-10 23:48:59,418 [INFO] PluginManage:310 - Check plugin tutovideos
2023-12-10 23:48:59,872 [INFO] PluginManage:359 - Loaded plugin tutovideos (category:base,tabindex:-1)
2023-12-10 23:48:59,872 [INFO] PluginManage:310 - Check plugin updater
2023-12-10 23:48:59,931 [INFO] PluginManage:359 - Loaded plugin updater (category:base,tabindex:12)
2023-12-10 23:48:59,931 [INFO] PluginManage:310 - Check plugin userauth
2023-12-10 23:48:59,958 [INFO] UserAuth:114 - Init User Auth plugin
2023-12-10 23:48:59,958 [INFO] PluginManage:359 - Loaded plugin userauth (category:base,tabindex:14)
2023-12-10 23:48:59,959 [INFO] PluginManage:283 - PluginManage : Loaded plugins [17]
2023-12-10 23:49:00,647 [INFO] PinOutPanel:1499 - setPackage(No Configuration,No Configuration)
2023-12-10 23:49:00,857 [INFO] CADModel:165 - CPN selected for project level
2023-12-10 23:49:00,858 [INFO] CADModel:114 - Register for checkConnection events
2023-12-10 23:49:00,932 [INFO] IPUIPlugin:80 - create IPUIPlugin
2023-12-10 23:49:00,933 [INFO] PluginManager:220 - loadIPPluginJar : add adc
2023-12-10 23:49:01,073 [INFO] IPUIPlugin:80 - create IPUIPlugin
2023-12-10 23:49:01,074 [INFO] PluginManager:220 - loadIPPluginJar : add aes
2023-12-10 23:49:01,171 [INFO] IPUIPlugin:80 - create IPUIPlugin
2023-12-10 23:49:01,171 [INFO] PluginManager:220 - loadIPPluginJar : add can
2023-12-10 23:49:01,221 [INFO] IPUIPlugin:80 - create IPUIPlugin
2023-12-10 23:49:01,221 [INFO] PluginManager:220 - loadIPPluginJar : add comp
2023-12-10 23:49:01,294 [INFO] IPUIPlugin:80 - create IPUIPlugin
2023-12-10 23:49:01,294 [INFO] PluginManager:220 - loadIPPluginJar : add cryp
2023-12-10 23:49:01,342 [INFO] IPUIPlugin:80 - create IPUIPlugin
2023-12-10 23:49:01,342 [INFO] PluginManager:220 - loadIPPluginJar : add dfsdm
2023-12-10 23:49:01,376 [INFO] IPUIPlugin:80 - create IPUIPlugin
2023-12-10 23:49:01,377 [INFO] PluginManager:220 - loadIPPluginJar : add dma
2023-12-10 23:49:01,470 [INFO] IPUIPlugin:80 - create IPUIPlugin
2023-12-10 23:49:01,470 [INFO] PluginManager:220 - loadIPPluginJar : add dma3
2023-12-10 23:49:01,510 [INFO] IPUIPlugin:80 - create IPUIPlugin
2023-12-10 23:49:01,510 [INFO] PluginManager:220 - loadIPPluginJar : add fatfs
2023-12-10 23:49:01,598 [INFO] IPUIPlugin:80 - create IPUIPlugin
2023-12-10 23:49:01,598 [INFO] PluginManager:220 - loadIPPluginJar : add fmc
2023-12-10 23:49:01,634 [INFO] IPUIPlugin:80 - create IPUIPlugin
2023-12-10 23:49:01,635 [INFO] PluginManager:220 - loadIPPluginJar : add freertos
2023-12-10 23:49:01,668 [INFO] IPUIPlugin:80 - create IPUIPlugin
2023-12-10 23:49:01,668 [INFO] PluginManager:220 - loadIPPluginJar : add genericplugin
2023-12-10 23:49:01,916 [INFO] IPUIPlugin:80 - create IPUIPlugin
2023-12-10 23:49:01,916 [INFO] PluginManager:220 - loadIPPluginJar : add gfxmmu
2023-12-10 23:49:02,171 [INFO] IPUIPlugin:80 - create IPUIPlugin
2023-12-10 23:49:02,171 [INFO] PluginManager:220 - loadIPPluginJar : add gic
2023-12-10 23:49:02,193 [INFO] IPUIPlugin:80 - create IPUIPlugin
2023-12-10 23:49:02,194 [INFO] PluginManager:220 - loadIPPluginJar : add gpio
2023-12-10 23:49:02,340 [INFO] ThirdPartyUpdaterWithRetryManager:70 - Updater plugin not ready yet. [2/15]
2023-12-10 23:49:02,354 [INFO] IPUIPlugin:80 - create IPUIPlugin
2023-12-10 23:49:02,354 [INFO] PluginManager:220 - loadIPPluginJar : add gtzc
2023-12-10 23:49:02,419 [INFO] IPUIPlugin:80 - create IPUIPlugin
2023-12-10 23:49:02,419 [INFO] PluginManager:220 - loadIPPluginJar : add hash
2023-12-10 23:49:02,504 [INFO] IPUIPlugin:80 - create IPUIPlugin
2023-12-10 23:49:02,504 [INFO] PluginManager:220 - loadIPPluginJar : add i2c
2023-12-10 23:49:02,566 [INFO] IPUIPlugin:80 - create IPUIPlugin
2023-12-10 23:49:02,566 [INFO] PluginManager:220 - loadIPPluginJar : add i2s
2023-12-10 23:49:02,680 [INFO] IPUIPlugin:80 - create IPUIPlugin
2023-12-10 23:49:02,680 [INFO] PluginManager:220 - loadIPPluginJar : add i3c
2023-12-10 23:49:02,883 [INFO] IPUIPlugin:80 - create IPUIPlugin
2023-12-10 23:49:02,883 [INFO] PluginManager:220 - loadIPPluginJar : add ipddr
2023-12-10 23:49:03,034 [INFO] IPUIPlugin:80 - create IPUIPlugin
2023-12-10 23:49:03,035 [INFO] PluginManager:220 - loadIPPluginJar : add linkedlist
2023-12-10 23:49:03,088 [INFO] IPUIPlugin:80 - create IPUIPlugin
2023-12-10 23:49:03,089 [INFO] PluginManager:220 - loadIPPluginJar : add lorawan
2023-12-10 23:49:03,141 [INFO] IPUIPlugin:80 - create IPUIPlugin
2023-12-10 23:49:03,142 [INFO] PluginManager:220 - loadIPPluginJar : add ltdc
2023-12-10 23:49:03,190 [INFO] IPUIPlugin:80 - create IPUIPlugin
2023-12-10 23:49:03,190 [INFO] PluginManager:220 - loadIPPluginJar : add mdma
2023-12-10 23:49:03,209 [INFO] IPUIPlugin:80 - create IPUIPlugin
2023-12-10 23:49:03,209 [INFO] PluginManager:220 - loadIPPluginJar : add nvic
2023-12-10 23:49:03,262 [INFO] IPUIPlugin:80 - create IPUIPlugin
2023-12-10 23:49:03,262 [INFO] PluginManager:220 - loadIPPluginJar : add opamp
2023-12-10 23:49:03,370 [INFO] IPUIPlugin:80 - create IPUIPlugin
2023-12-10 23:49:03,370 [INFO] PluginManager:220 - loadIPPluginJar : add openamp
2023-12-10 23:49:03,443 [INFO] IPUIPlugin:80 - create IPUIPlugin
2023-12-10 23:49:03,444 [INFO] PluginManager:220 - loadIPPluginJar : add pdm2pcm
2023-12-10 23:49:03,470 [INFO] IPUIPlugin:80 - create IPUIPlugin
2023-12-10 23:49:03,475 [INFO] PluginManager:220 - loadIPPluginJar : add plateformsettings
2023-12-10 23:49:03,519 [INFO] IPUIPlugin:80 - create IPUIPlugin
2023-12-10 23:49:03,519 [INFO] PluginManager:220 - loadIPPluginJar : add quadspi
2023-12-10 23:49:03,566 [INFO] IPUIPlugin:80 - create IPUIPlugin
2023-12-10 23:49:03,567 [INFO] PluginManager:220 - loadIPPluginJar : add resmgrutility
2023-12-10 23:49:03,670 [INFO] IPUIPlugin:80 - create IPUIPlugin
2023-12-10 23:49:03,670 [INFO] PluginManager:220 - loadIPPluginJar : add sai
2023-12-10 23:49:03,729 [INFO] IPUIPlugin:80 - create IPUIPlugin
2023-12-10 23:49:03,729 [INFO] PluginManager:220 - loadIPPluginJar : add spi
2023-12-10 23:49:03,837 [INFO] IPUIPlugin:80 - create IPUIPlugin
2023-12-10 23:49:03,838 [INFO] PluginManager:220 - loadIPPluginJar : add stm32_wpan
2023-12-10 23:49:03,869 [INFO] IPUIPlugin:80 - create IPUIPlugin
2023-12-10 23:49:03,870 [INFO] PluginManager:220 - loadIPPluginJar : add tim
2023-12-10 23:49:03,948 [INFO] IPUIPlugin:80 - create IPUIPlugin
2023-12-10 23:49:03,948 [INFO] PluginManager:220 - loadIPPluginJar : add touchsensing
2023-12-10 23:49:03,980 [INFO] IPUIPlugin:80 - create IPUIPlugin
2023-12-10 23:49:03,980 [INFO] PluginManager:220 - loadIPPluginJar : add tracer_emb
2023-12-10 23:49:04,015 [INFO] IPUIPlugin:80 - create IPUIPlugin
2023-12-10 23:49:04,015 [INFO] PluginManager:220 - loadIPPluginJar : add ts
2023-12-10 23:49:04,052 [INFO] IPUIPlugin:80 - create IPUIPlugin
2023-12-10 23:49:04,052 [INFO] PluginManager:220 - loadIPPluginJar : add tsc
2023-12-10 23:49:04,094 [INFO] IPUIPlugin:80 - create IPUIPlugin
2023-12-10 23:49:04,094 [INFO] PluginManager:220 - loadIPPluginJar : add ucpd
2023-12-10 23:49:04,161 [INFO] IPUIPlugin:80 - create IPUIPlugin
2023-12-10 23:49:04,161 [INFO] PluginManager:220 - loadIPPluginJar : add usart
2023-12-10 23:49:04,226 [INFO] IPUIPlugin:80 - create IPUIPlugin
2023-12-10 23:49:04,226 [INFO] PluginManager:220 - loadIPPluginJar : add usbx
2023-12-10 23:49:04,420 [INFO] CADModel:165 - CPN selected for project level
2023-12-10 23:49:04,421 [INFO] CADModel:114 - Register for checkConnection events
2023-12-10 23:49:04,421 [FATAL] Updater:308 - Updater called before beeing initialized
2023-12-10 23:49:04,421 [ERROR] CADModel:125 - Updater not yet initialized, retry later 
2023-12-10 23:49:04,767 [INFO] CADModel:165 - CPN selected for project level
2023-12-10 23:49:04,767 [INFO] CADModel:114 - Register for checkConnection events
2023-12-10 23:49:04,767 [FATAL] Updater:308 - Updater called before beeing initialized
2023-12-10 23:49:04,767 [ERROR] CADModel:125 - Updater not yet initialized, retry later 
2023-12-10 23:49:04,772 [FATAL] Updater:308 - Updater called before beeing initialized
2023-12-10 23:49:04,991 [FATAL] Updater:308 - Updater called before beeing initialized
2023-12-10 23:49:05,005 [INFO] DbMcusAds:53 - JSON generation date=Wed Nov 29 16:22:38 IST 2023 (1701255158764)
2023-12-10 23:49:05,005 [FATAL] Updater:308 - Updater called before beeing initialized
2023-12-10 23:49:05,241 [WARN] DetailPanel:346 - Failed to get advertising image, set to default
2023-12-10 23:49:05,342 [INFO] ThirdPartyUpdaterWithRetryManager:70 - Updater plugin not ready yet. [3/15]
2023-12-10 23:49:05,400 [FATAL] Updater:308 - Updater called before beeing initialized
2023-12-10 23:49:05,404 [FATAL] Updater:308 - Updater called before beeing initialized
2023-12-10 23:49:05,405 [FATAL] Updater:308 - Updater called before beeing initialized
2023-12-10 23:49:05,405 [WARN] DetailPanel:346 - Failed to get advertising image, set to default
2023-12-10 23:49:05,406 [FATAL] Updater:308 - Updater called before beeing initialized
2023-12-10 23:49:05,601 [ERROR] Updater:1120 - MainUpdater not yet initialized. External WinMGr cannot be set.
2023-12-10 23:49:05,626 [INFO] Updater:1056 - Updater Version found : 6.10.0
2023-12-10 23:49:05,666 [INFO] ApplicationProperties:184 - Using Application install path: G:\stm32cubeide_main\stm32\STM32CubeIDE\plugins\com.st.stm32cube.common.mx_6.10.0.202311202037
2023-12-10 23:49:06,431 [INFO] MainUpdater:2873 - connection check result : 10
2023-12-10 23:49:06,432 [INFO] MainUpdater:290 - Updater Check For Update Now.
2023-12-10 23:49:06,432 [INFO] MicroXplorer:498 - Change Database Version : DB.6.0.100
2023-12-10 23:49:06,466 [INFO] McuFinderGlobals:63 - Set McuFinder mode to 2 (CubeIDE integrated)
2023-12-10 23:49:06,728 [INFO] CheckServerUpdateThread:120 - End of CheckServer Thread
2023-12-10 23:49:06,798 [INFO] UserAuth:404 - Internet connection configuration mode: 1
2023-12-10 23:49:06,886 [INFO] JxBrowserEngine:152 - Initiate JxBrowser Engine with user profile folder
2023-12-10 23:49:08,968 [WARN] PackLoader:240 - Cannot read IP mode file for STMicroelectronics.X-CUBE-BLEMGR.3.0.0
2023-12-10 23:49:08,994 [WARN] PackLoader:240 - Cannot read IP mode file for STMicroelectronics.X-CUBE-EEPRMA1.4.2.0
2023-12-10 23:49:09,011 [WARN] PackLoader:240 - Cannot read IP mode file for STMicroelectronics.FP-SNS-MOTENVWB1.1.3.1
2023-12-10 23:49:09,028 [WARN] PackLoader:240 - Cannot read IP mode file for STMicroelectronics.X-CUBE-ISPU.2.0.0
2023-12-10 23:49:09,132 [WARN] PackLoader:240 - Cannot read IP mode file for STMicroelectronics.X-CUBE-MEMS1.10.0.0
2023-12-10 23:49:09,346 [WARN] PackLoader:240 - Cannot read IP mode file for STMicroelectronics.X-CUBE-TOF1.3.4.0
2023-12-10 23:49:09,402 [WARN] PackLoader:240 - Cannot read IP mode file for STMicroelectronics.X-CUBE-AZRTOS-H7.3.2.0
2023-12-10 23:49:09,406 [INFO] ThirdParty:978 - Integrity check success = true
2023-12-10 23:49:09,406 [INFO] IntegrityCheckThread:100 - exiting critical section [integrity check]
2023-12-10 23:49:09,406 [INFO] IntegrityCheckThread:103 - End integrity checks thread
2023-12-10 23:49:14,232 [INFO] WebApp:161 - Instantiating new browser for Auth
2023-12-10 23:49:15,574 [INFO] WebApp:780 - Register for checkConnection events
2023-12-10 23:49:15,575 [INFO] WebApp:414 - Apply proxy settings
2023-12-10 23:49:15,575 [INFO] WebApp:499 - Chromium requires no authentication
2023-12-10 23:49:15,595 [INFO] WebApp:442 - Direct internet connection detected
2023-12-10 23:49:15,999 [INFO] WebApp:192 - Starting web application
2023-12-10 23:49:15,999 [INFO] WebApp:544 - Web application path used G:\stm32cubeide_main\stm32\STM32CubeIDE\plugins\com.st.stm32cube.common.mx_6.10.0.202311202037\db\plugins\mcufinder\reactClient1\index.html
2023-12-10 23:49:39,026 [ERROR] LogOutputStream:75 - [STDERR_REDIRECT] SLF4J: Failed to load class "org.slf4j.impl.StaticLoggerBinder".
2023-12-10 23:49:39,026 [ERROR] LogOutputStream:75 - [STDERR_REDIRECT] SLF4J: Defaulting to no-operation (NOP) logger implementation
2023-12-10 23:49:39,030 [ERROR] LogOutputStream:75 - [STDERR_REDIRECT] SLF4J: See http://www.slf4j.org/codes.html#StaticLoggerBinder for further details.
